[debug] [2023-03-13T12:44:30.318Z] ----------------------------------------------------------------------
[debug] [2023-03-13T12:44:30.324Z] Command:       C:\Program Files\nodejs\node.exe C:\Users\Shiva\AppData\Roaming\npm\node_modules\firebase-tools\lib\bin\firebase.js deploy
[debug] [2023-03-13T12:44:30.326Z] CLI Version:   11.24.1
[debug] [2023-03-13T12:44:30.326Z] Platform:      win32
[debug] [2023-03-13T12:44:30.326Z] Node Version:  v19.0.1
[debug] [2023-03-13T12:44:30.327Z] Time:          Mon Mar 13 2023 18:14:30 GMT+0530 (India Standard Time)
[debug] [2023-03-13T12:44:30.327Z] ----------------------------------------------------------------------
[debug] 
[debug] [2023-03-13T12:44:30.504Z] > command requires scopes: ["email","openid","https://www.googleapis.com/auth/cloudplatformprojects.readonly","https://www.googleapis.com/auth/firebase","https://www.googleapis.com/auth/cloud-platform"]
[debug] [2023-03-13T12:44:30.505Z] > authorizing via signed-in user (shivaorsu785@gmail.com)
[debug] [2023-03-13T12:44:30.505Z] [iam] checking project politiparty-9483a for permissions ["cloudfunctions.functions.create","cloudfunctions.functions.delete","cloudfunctions.functions.get","cloudfunctions.functions.list","cloudfunctions.functions.update","cloudfunctions.operations.get","datastore.indexes.create","datastore.indexes.delete","datastore.indexes.list","datastore.indexes.update","firebase.projects.get","firebasedatabase.instances.update","firebasehosting.sites.update"]
[debug] [2023-03-13T12:44:30.508Z] >>> [apiv2][query] POST https://cloudresourcemanager.googleapis.com/v1/projects/politiparty-9483a:testIamPermissions [none]
[debug] [2023-03-13T12:44:30.508Z] >>> [apiv2][(partial)header] POST https://cloudresourcemanager.googleapis.com/v1/projects/politiparty-9483a:testIamPermissions x-goog-quota-user=projects/politiparty-9483a
[debug] [2023-03-13T12:44:30.508Z] >>> [apiv2][body] POST https://cloudresourcemanager.googleapis.com/v1/projects/politiparty-9483a:testIamPermissions {"permissions":["cloudfunctions.functions.create","cloudfunctions.functions.delete","cloudfunctions.functions.get","cloudfunctions.functions.list","cloudfunctions.functions.update","cloudfunctions.operations.get","datastore.indexes.create","datastore.indexes.delete","datastore.indexes.list","datastore.indexes.update","firebase.projects.get","firebasedatabase.instances.update","firebasehosting.sites.update"]}
[debug] [2023-03-13T12:44:31.883Z] <<< [apiv2][status] POST https://cloudresourcemanager.googleapis.com/v1/projects/politiparty-9483a:testIamPermissions 200
[debug] [2023-03-13T12:44:31.884Z] <<< [apiv2][body] POST https://cloudresourcemanager.googleapis.com/v1/projects/politiparty-9483a:testIamPermissions {"permissions":["cloudfunctions.functions.create","cloudfunctions.functions.delete","cloudfunctions.functions.get","cloudfunctions.functions.list","cloudfunctions.functions.update","cloudfunctions.operations.get","datastore.indexes.create","datastore.indexes.delete","datastore.indexes.list","datastore.indexes.update","firebase.projects.get","firebasedatabase.instances.update","firebasehosting.sites.update"]}
[debug] [2023-03-13T12:44:31.886Z] >>> [apiv2][query] POST https://iam.googleapis.com/v1/projects/politiparty-9483a/serviceAccounts/politiparty-9483a@appspot.gserviceaccount.com:testIamPermissions [none]
[debug] [2023-03-13T12:44:31.886Z] >>> [apiv2][body] POST https://iam.googleapis.com/v1/projects/politiparty-9483a/serviceAccounts/politiparty-9483a@appspot.gserviceaccount.com:testIamPermissions {"permissions":["iam.serviceAccounts.actAs"]}
[debug] [2023-03-13T12:44:33.233Z] <<< [apiv2][status] POST https://iam.googleapis.com/v1/projects/politiparty-9483a/serviceAccounts/politiparty-9483a@appspot.gserviceaccount.com:testIamPermissions 200
[debug] [2023-03-13T12:44:33.234Z] <<< [apiv2][body] POST https://iam.googleapis.com/v1/projects/politiparty-9483a/serviceAccounts/politiparty-9483a@appspot.gserviceaccount.com:testIamPermissions {"permissions":["iam.serviceAccounts.actAs"]}
[debug] [2023-03-13T12:44:33.237Z] >>> [apiv2][query] GET https://firebase.googleapis.com/v1beta1/projects/politiparty-9483a [none]
[debug] [2023-03-13T12:44:33.693Z] <<< [apiv2][status] GET https://firebase.googleapis.com/v1beta1/projects/politiparty-9483a 200
[debug] [2023-03-13T12:44:33.694Z] <<< [apiv2][body] GET https://firebase.googleapis.com/v1beta1/projects/politiparty-9483a {"projectId":"politiparty-9483a","projectNumber":"1006099645785","displayName":"Veinvascular","name":"projects/politiparty-9483a","resources":{"hostingSite":"politiparty-9483a","realtimeDatabaseInstance":"politiparty-9483a-default-rtdb","storageBucket":"politiparty-9483a.appspot.com","locationId":"us-central"},"state":"ACTIVE","etag":"1_3b4f66e0-762d-4be8-86f1-0f5067dcf997"}
[debug] [2023-03-13T12:44:33.697Z] >>> [apiv2][query] GET https://firebase.googleapis.com/v1beta1/projects/politiparty-9483a [none]
[debug] [2023-03-13T12:44:34.087Z] <<< [apiv2][status] GET https://firebase.googleapis.com/v1beta1/projects/politiparty-9483a 200
[debug] [2023-03-13T12:44:34.088Z] <<< [apiv2][body] GET https://firebase.googleapis.com/v1beta1/projects/politiparty-9483a {"projectId":"politiparty-9483a","projectNumber":"1006099645785","displayName":"Veinvascular","name":"projects/politiparty-9483a","resources":{"hostingSite":"politiparty-9483a","realtimeDatabaseInstance":"politiparty-9483a-default-rtdb","storageBucket":"politiparty-9483a.appspot.com","locationId":"us-central"},"state":"ACTIVE","etag":"1_3b4f66e0-762d-4be8-86f1-0f5067dcf997"}
[info] 
[info] === Deploying to 'politiparty-9483a'...
[info] 
[info] i  deploying database, firestore, functions, hosting 
[debug] [2023-03-13T12:44:34.284Z] TypeError [ERR_INVALID_ARG_TYPE]: The "path" argument must be of type string. Received undefined
    at new NodeError (node:internal/errors:393:5)
    at validateString (node:internal/validators:163:11)
    at Object.join (node:path:433:7)
    at Config.path (C:\Users\Shiva\AppData\Roaming\npm\node_modules\firebase-tools\lib\config.js:123:45)
    at getChildEnvironment (C:\Users\Shiva\AppData\Roaming\npm\node_modules\firebase-tools\lib\deploy\lifecycleHooks.js:52:49)
    at runTargetCommands (C:\Users\Shiva\AppData\Roaming\npm\node_modules\firebase-tools\lib\deploy\lifecycleHooks.js:73:14)
    at C:\Users\Shiva\AppData\Roaming\npm\node_modules\firebase-tools\lib\deploy\lifecycleHooks.js:125:24
    at process.processTicksAndRejections (node:internal/process/task_queues:95:5)
    at async chain (C:\Users\Shiva\AppData\Roaming\npm\node_modules\firebase-tools\lib\deploy\index.js:35:9)
    at async deploy (C:\Users\Shiva\AppData\Roaming\npm\node_modules\firebase-tools\lib\deploy\index.js:78:5)
[error] 
[error] Error: An unexpected error has occurred.
